This is pdfTeX, Version 3.14159265-2.6-1.40.18 (MiKTeX 2.9.6500 64-bit) (preloaded format=pdflatex 2017.12.21)  21 DEC 2017 13:42
entering extended mode
**"C:/Users/Bedrick Beta/git/ES1-2017-METIA1-44/experimentBaseDirectory/AntiSpa
mStudy/R/HV.Boxplot.eps"

("C:/Users/Bedrick Beta/git/ES1-2017-METIA1-44/experimentBaseDirectory/AntiSpam
Study/R/HV.Boxplot.eps"
LaTeX2e <2017-04-15>
Babel <3.15> and hyphenation patterns for 75 language(s) loaded.

! LaTeX Error: Missing \begin{document}.

See the LaTeX manual or LaTeX Companion for explanation.
Type  H <return>  for immediate help.
 ...                                              
                                                  
l.13 /
      bp  { gs sRGB gs } def
? 
! Emergency stop.
 ...                                              
                                                  
l.13 /
      bp  { gs sRGB gs } def
You're in trouble here.  Try typing  <return>  to proceed.
If that doesn't work, type  X <return>  to quit.

 
Here is how much of TeX's memory you used:
 10 strings out of 493312
 583 string characters out of 3138875
 53761 words of memory out of 3000000
 3655 multiletter control sequences out of 15000+200000
 3640 words of font info for 14 fonts, out of 3000000 for 9000
 1141 hyphenation exceptions out of 8191
 5i,0n,4p,146b,14s stack positions out of 5000i,500n,10000p,200000b,50000s
!  ==> Fatal error occurred, no output PDF file produced!
